<?xml version="1.0" encoding="UTF-8"?>
<!-- Generated by org.testng.reporters.JUnitReportReporter -->
<testsuite hostname="DDC5-D-608P3KJ" name="com.maven_demo.testNg_demo2" tests="3" failures="0" timestamp="15 Jan 2020 06:36:43 GMT" time="0.016" errors="0">
  <testcase name="google" time="0.003" classname="com.maven_demo.testNg_demo2"/>
  <testcase name="gmail" time="0.007" classname="com.maven_demo.testNg_demo2"/>
  <testcase name="facebook" time="0.006" classname="com.maven_demo.testNg_demo2"/>
</testsuite> <!-- com.maven_demo.testNg_demo2 -->
