<?xml version="1.0" encoding="UTF-8"?>
<!-- Generated by org.testng.reporters.JUnitReportReporter -->
<testsuite hostname="DDC5-D-608P3KJ" name="com.maven_demo.NewTest" tests="2" failures="0" timestamp="15 Jan 2020 06:36:43 GMT" time="0.011" errors="0">
  <testcase name="register" time="0.005" classname="com.maven_demo.NewTest"/>
  <testcase name="login" time="0.006" classname="com.maven_demo.NewTest"/>
</testsuite> <!-- com.maven_demo.NewTest -->
