<?xml version="1.0" encoding="UTF-8"?>
<!-- Generated by org.testng.reporters.JUnitReportReporter -->
<testsuite hostname="DDC5-D-608P3KJ" name="com.maven_demo.DragDrop" tests="1" failures="0" timestamp="16 Jan 2020 05:46:40 GMT" time="0.601" errors="0">
  <testcase name="actions_demo" time="0.601" classname="com.maven_demo.DragDrop"/>
</testsuite> <!-- com.maven_demo.DragDrop -->
