<?xml version="1.0" encoding="UTF-8"?>
<!-- Generated by org.testng.reporters.JUnitReportReporter -->
<testsuite hostname="DDC5-D-608P3KJ" name="com.maven_demo.CaseStudy" tests="5" failures="0" timestamp="16 Jan 2020 05:23:23 GMT" time="26.758" errors="0">
  <testcase name="registration" time="26.733" classname="com.maven_demo.CaseStudy"/>
  <testcase name="add_product" time="0.011" classname="com.maven_demo.CaseStudy"/>
  <testcase name="payment" time="0.005" classname="com.maven_demo.CaseStudy"/>
  <testcase name="logout" time="0.006" classname="com.maven_demo.CaseStudy"/>
  <testcase name="login" time="0.003" classname="com.maven_demo.CaseStudy"/>
</testsuite> <!-- com.maven_demo.CaseStudy -->
