<?xml version="1.0" encoding="UTF-8"?>
<!-- Generated by org.testng.reporters.JUnitReportReporter -->
<testsuite hostname="DDC5-D-608P3KJ" name="com.maven_demo.Hello_selenium" tests="1" failures="0" timestamp="15 Jan 2020 06:36:43 GMT" time="48.269" errors="0">
  <testcase name="rediffLogin" time="48.269" classname="com.maven_demo.Hello_selenium"/>
</testsuite> <!-- com.maven_demo.Hello_selenium -->
